<?xml version="1.0" encoding="UTF-8"?>
<!-- Generated by org.testng.reporters.JUnitXMLReporter -->
<testsuite ignored="0" hostname="SekolahMusAir2.lan" failures="0" tests="3" name="Flight Test" time="127.116" errors="0" timestamp="2024-02-04T15:43:03 WIB">
  <testcase classname="org.trip.flight.FlightTest" name="searchFlightsBangkokSingapore" time="31.263"/>
  <testcase classname="org.trip.flight.FlightTest" name="searchFlightWithFilterRefundable" time="37.566"/>
  <testcase classname="org.trip.flight.FlightTest" name="searchFlightWithMultiplePopularFilter" time="44.128"/>
</testsuite> <!-- Flight Test -->
