<?xml version="1.0" encoding="UTF-8"?>
<testng-results ignored="0" total="3" passed="3" failed="0" skipped="0">
  <reporter-output>
  </reporter-output>
  <suite started-at="2024-02-04T15:40:56 WIB" name="All Test" finished-at="2024-02-04T15:43:03 WIB" duration-ms="127116">
    <groups>
    </groups>
    <test started-at="2024-02-04T15:40:56 WIB" name="Flight Test" finished-at="2024-02-04T15:43:03 WIB" duration-ms="127116">
      <class name="org.trip.flight.FlightTest">
        <test-method is-config="true" signature="globalSetUp()[pri:0, instance:org.trip.flight.FlightTest@475e586c]" started-at="2024-02-04T15:40:56 WIB" name="globalSetUp" finished-at="2024-02-04T15:40:56 WIB" duration-ms="4" status="PASS">
          <reporter-output>
          </reporter-output>
        </test-method> <!-- globalSetUp -->
        <test-method is-config="true" signature="setup()[pri:0, instance:org.trip.flight.FlightTest@475e586c]" started-at="2024-02-04T15:40:56 WIB" name="setup" finished-at="2024-02-04T15:41:00 WIB" duration-ms="4765" status="PASS">
          <reporter-output>
          </reporter-output>
        </test-method> <!-- setup -->
        <test-method is-config="true" signature="setupMethod()[pri:0, instance:org.trip.flight.FlightTest@475e586c]" started-at="2024-02-04T15:41:00 WIB" name="setupMethod" finished-at="2024-02-04T15:41:00 WIB" duration-ms="26" status="PASS">
          <reporter-output>
          </reporter-output>
        </test-method> <!-- setupMethod -->
        <test-method signature="searchFlightsBangkokSingapore()[pri:1, instance:org.trip.flight.FlightTest@475e586c]" started-at="2024-02-04T15:41:00 WIB" name="searchFlightsBangkokSingapore" finished-at="2024-02-04T15:41:32 WIB" duration-ms="31263" status="PASS">
          <reporter-output>
          </reporter-output>
        </test-method> <!-- searchFlightsBangkokSingapore -->
        <test-method is-config="true" signature="tearDown()[pri:0, instance:org.trip.flight.FlightTest@475e586c]" started-at="2024-02-04T15:41:32 WIB" name="tearDown" finished-at="2024-02-04T15:41:32 WIB" duration-ms="174" status="PASS">
          <reporter-output>
          </reporter-output>
        </test-method> <!-- tearDown -->
        <test-method is-config="true" signature="setupMethod()[pri:0, instance:org.trip.flight.FlightTest@475e586c]" started-at="2024-02-04T15:41:32 WIB" name="setupMethod" finished-at="2024-02-04T15:41:36 WIB" duration-ms="4521" status="PASS">
          <reporter-output>
          </reporter-output>
        </test-method> <!-- setupMethod -->
        <test-method signature="searchFlightWithFilterRefundable()[pri:2, instance:org.trip.flight.FlightTest@475e586c]" started-at="2024-02-04T15:41:36 WIB" name="searchFlightWithFilterRefundable" finished-at="2024-02-04T15:42:14 WIB" duration-ms="37566" status="PASS">
          <reporter-output>
          </reporter-output>
        </test-method> <!-- searchFlightWithFilterRefundable -->
        <test-method is-config="true" signature="tearDown()[pri:0, instance:org.trip.flight.FlightTest@475e586c]" started-at="2024-02-04T15:42:14 WIB" name="tearDown" finished-at="2024-02-04T15:42:14 WIB" duration-ms="175" status="PASS">
          <reporter-output>
          </reporter-output>
        </test-method> <!-- tearDown -->
        <test-method is-config="true" signature="setupMethod()[pri:0, instance:org.trip.flight.FlightTest@475e586c]" started-at="2024-02-04T15:42:14 WIB" name="setupMethod" finished-at="2024-02-04T15:42:18 WIB" duration-ms="4290" status="PASS">
          <reporter-output>
          </reporter-output>
        </test-method> <!-- setupMethod -->
        <test-method signature="searchFlightWithMultiplePopularFilter()[pri:3, instance:org.trip.flight.FlightTest@475e586c]" started-at="2024-02-04T15:42:18 WIB" name="searchFlightWithMultiplePopularFilter" finished-at="2024-02-04T15:43:03 WIB" duration-ms="44128" status="PASS">
          <reporter-output>
          </reporter-output>
        </test-method> <!-- searchFlightWithMultiplePopularFilter -->
        <test-method is-config="true" signature="tearDown()[pri:0, instance:org.trip.flight.FlightTest@475e586c]" started-at="2024-02-04T15:43:03 WIB" name="tearDown" finished-at="2024-02-04T15:43:03 WIB" duration-ms="180" status="PASS">
          <reporter-output>
          </reporter-output>
        </test-method> <!-- tearDown -->
        <test-method is-config="true" signature="tearDownTest()[pri:0, instance:org.trip.flight.FlightTest@475e586c]" started-at="2024-02-04T15:43:03 WIB" name="tearDownTest" finished-at="2024-02-04T15:43:03 WIB" duration-ms="1" status="PASS">
          <reporter-output>
          </reporter-output>
        </test-method> <!-- tearDownTest -->
        <test-method is-config="true" signature="globalTearDown()[pri:0, instance:org.trip.flight.FlightTest@475e586c]" started-at="2024-02-04T15:43:03 WIB" name="globalTearDown" finished-at="2024-02-04T15:43:03 WIB" duration-ms="0" status="PASS">
          <reporter-output>
          </reporter-output>
        </test-method> <!-- globalTearDown -->
      </class> <!-- org.trip.flight.FlightTest -->
    </test> <!-- Flight Test -->
  </suite> <!-- All Test -->
</testng-results>
